
============================================================
运行 Diff3D-Ani(1000)
============================================================
  计算真实解 (tol=1e-20, fp64)...
    真实解收敛: 675 iters, relres=8.930e-21
  fp64-uniform-BJAC PCG...
    完成 | iters=604 relres=9.887e-19 time=9.018s
  fp32-fMP-BJAC PCG...
    完成 | iters=605 relres=8.683e-19 time=5.628s

============================================================
运行 Diff3D-Ani(100)
============================================================
  计算真实解 (tol=1e-20, fp64)...
    真实解收敛: 483 iters, relres=8.858e-21
  fp64-uniform-BJAC PCG...
    完成 | iters=452 relres=9.819e-19 time=6.673s
  fp32-fMP-BJAC PCG...
    完成 | iters=471 relres=9.990e-19 time=4.268s

============================================================
运行 Diff3D-Ani(10)
============================================================
  计算真实解 (tol=1e-20, fp64)...
    真实解收敛: 361 iters, relres=8.654e-21
  fp64-uniform-BJAC PCG...
    完成 | iters=323 relres=9.219e-19 time=4.924s
  fp32-fMP-BJAC PCG...
    完成 | iters=377 relres=9.571e-19 time=3.710s

============================================================
运行 Diff3D-Ani(4)
============================================================
  计算真实解 (tol=1e-20, fp64)...
    真实解收敛: 314 iters, relres=7.740e-21
  fp64-uniform-BJAC PCG...
    完成 | iters=293 relres=9.218e-19 time=4.480s
  fp32-fMP-BJAC PCG...
    完成 | iters=343 relres=9.519e-19 time=2.306s

============================================================
运行 Diff3D-Ani(2)
============================================================
  计算真实解 (tol=1e-20, fp64)...
    真实解收敛: 304 iters, relres=8.560e-21
  fp64-uniform-BJAC PCG...
    完成 | iters=286 relres=8.098e-19 time=4.605s
  fp32-fMP-BJAC PCG...
    完成 | iters=345 relres=9.679e-19 time=2.673s

============================================================
运行 Diff3D-Const
============================================================
  计算真实解 (tol=1e-20, fp64)...
    真实解收敛: 329 iters, relres=8.629e-21
  fp64-uniform-BJAC PCG...
    完成 | iters=294 relres=8.161e-19 time=4.678s
  fp32-fMP-BJAC PCG...
    完成 | iters=354 relres=9.446e-19 time=3.561s

✅ 结果已保存：out/figure6_convergence_data_with_true.json
